<?xml version="1.0" encoding="UTF-8"?>
<testsuite xmlns:xsi="http://www.w3.org/2001/XMLSchema-instance" xsi:noNamespaceSchemaLocation="https://maven.apache.org/surefire/maven-surefire-plugin/xsd/surefire-test-report.xsd" version="3.0.2" name="com.talant.bootcamp.booksservice.controller.BookControllerTest" time="10.326" tests="21" errors="0" skipped="0" failures="0">
  <properties>
[...]
</properties>
  <testcase name="shouldGetBooksWithStock" classname="com.talant.bootcamp.booksservice.controller.BookControllerTest" time="0.724">
    <system-out><![CDATA[11:07:17.242 [main] INFO org.springframework.test.context.support.AnnotationConfigContextLoaderUtils -- Could not detect default configuration classes for test class [com.talant.bootcamp.booksservice.controller.BookControllerTest]: BookControllerTest does not declare any static, non-private, non-final, nested classes annotated with @Configuration.
11:07:17.918 [main] INFO org.springframework.boot.test.context.SpringBootTestContextBootstrapper -- Found @SpringBootConfiguration com.talant.bootcamp.booksservice.BooksserviceApplication for test class com.talant.bootcamp.booksservice.controller.BookControllerTest

  .   ____          _            __ _ _
 /\\ / ___'_ __ _ _(_)_ __  __ _ \ \ \ \
( ( )\___ | '_ | '_| | '_ \/ _` | \ \ \ \
 \\/  ___)| |_)| | | | | || (_| |  ) ) ) )
  '  |____| .__|_| |_|_| |_\__, | / / / /
 =========|_|==============|___/=/_/_/_/

 :: Spring Boot ::                (v3.5.3)

2025-07-21T11:07:19.474+02:00  INFO 24292 --- [demoservice] [           main] c.t.b.b.controller.BookControllerTest    : Starting BookControllerTest using Java 21.0.7 with PID 24292 (started by IrakliyMarsagishvili in C:\Users\IrakliyMarsagishvili\OneDrive - talan.com\Desktop\Microservices bootcamp\Bootcamp Projects\hohohoho)
2025-07-21T11:07:19.474+02:00  INFO 24292 --- [demoservice] [           main] c.t.b.b.controller.BookControllerTest    : No active profile set, falling back to 1 default profile: "default"
2025-07-21T11:07:20.130+02:00 DEBUG 24292 --- [demoservice] [           main] o.s.w.c.s.GenericWebApplicationContext   : Refreshing org.springframework.web.context.support.GenericWebApplicationContext@175581eb
2025-07-21T11:07:24.177+02:00 DEBUG 24292 --- [demoservice] [           main] s.w.s.m.m.a.RequestMappingHandlerMapping : 27 mappings in 'requestMappingHandlerMapping'
2025-07-21T11:07:24.461+02:00 DEBUG 24292 --- [demoservice] [           main] o.s.w.s.handler.SimpleUrlHandlerMapping  : Patterns [/webjars/**, /**] in 'resourceHandlerMapping'
2025-07-21T11:07:24.552+02:00 DEBUG 24292 --- [demoservice] [           main] s.w.s.m.m.a.RequestMappingHandlerAdapter : ControllerAdvice beans: 0 @ModelAttribute, 0 @InitBinder, 1 RequestBodyAdvice, 1 ResponseBodyAdvice
2025-07-21T11:07:24.736+02:00 DEBUG 24292 --- [demoservice] [           main] .m.m.a.ExceptionHandlerExceptionResolver : ControllerAdvice beans: 1 @ExceptionHandler, 1 ResponseBodyAdvice
2025-07-21T11:07:24.817+02:00  INFO 24292 --- [demoservice] [           main] o.s.b.t.m.w.SpringBootMockServletContext : Initializing Spring TestDispatcherServlet ''
2025-07-21T11:07:24.817+02:00  INFO 24292 --- [demoservice] [           main] o.s.t.web.servlet.TestDispatcherServlet  : Initializing Servlet ''
2025-07-21T11:07:24.832+02:00  INFO 24292 --- [demoservice] [           main] o.s.t.web.servlet.TestDispatcherServlet  : Completed initialization in 15 ms
2025-07-21T11:07:24.901+02:00  INFO 24292 --- [demoservice] [           main] c.t.b.b.controller.BookControllerTest    : Started BookControllerTest in 6.674 seconds (process running for 10.1)
2025-07-21T11:07:25.170+02:00 DEBUG 24292 --- [demoservice] [           main] s.w.s.m.m.a.RequestMappingHandlerMapping : Mapped to com.talant.bootcamp.booksservice.controller.BookController#getBooksWithStock()
2025-07-21T11:07:25.339+02:00 DEBUG 24292 --- [demoservice] [           main] o.s.w.s.m.m.a.HttpEntityMethodProcessor  : Using 'application/json', given [*/*] and supported [application/json, application/*+json]
2025-07-21T11:07:25.354+02:00 DEBUG 24292 --- [demoservice] [           main] o.s.w.s.m.m.a.HttpEntityMethodProcessor  : Writing [[BookResponse{id=1, title='Test Book', author='Test Author', isbn='1234567890', description='Test De (truncated)...]
]]></system-out>
    <system-err><![CDATA[Mockito is currently self-attaching to enable the inline-mock-maker. This will no longer work in future releases of the JDK. Please add Mockito as an agent to your build as described in Mockito's documentation: https://javadoc.io/doc/org.mockito/mockito-core/latest/org.mockito/org/mockito/Mockito.html#0.3
WARNING: A Java agent has been loaded dynamically (C:\Users\IrakliyMarsagishvili\.m2\repository\net\bytebuddy\byte-buddy-agent\1.17.6\byte-buddy-agent-1.17.6.jar)
WARNING: If a serviceability tool is in use, please run with -XX:+EnableDynamicAgentLoading to hide this warning
WARNING: If a serviceability tool is not in use, please run with -Djdk.instrument.traceUsage for more information
WARNING: Dynamic loading of agents will be disallowed by default in a future release
]]></system-err>
  </testcase>
  <testcase name="shouldUpdateBook" classname="com.talant.bootcamp.booksservice.controller.BookControllerTest" time="0.744">
    <system-out><![CDATA[2025-07-21T11:07:25.681+02:00 DEBUG 24292 --- [demoservice] [           main] s.w.s.m.m.a.RequestMappingHandlerMapping : Mapped to com.talant.bootcamp.booksservice.controller.BookController#updateBook(Long, BookRequest)
2025-07-21T11:07:25.840+02:00 DEBUG 24292 --- [demoservice] [           main] m.m.a.RequestResponseBodyMethodProcessor : Read "application/json;charset=UTF-8" to [BookRequest{title='Test Book', author='Test Author', isbn='1234567890', description='Test Descriptio (truncated)...]
2025-07-21T11:07:26.374+02:00 DEBUG 24292 --- [demoservice] [           main] o.s.w.s.m.m.a.HttpEntityMethodProcessor  : Using 'application/json', given [*/*] and supported [application/json, application/*+json]
2025-07-21T11:07:26.375+02:00 DEBUG 24292 --- [demoservice] [           main] o.s.w.s.m.m.a.HttpEntityMethodProcessor  : Writing [BookResponse{id=1, title='Test Book', author='Test Author', isbn='1234567890', description='Test Des (truncated)...]
]]></system-out>
  </testcase>
  <testcase name="shouldGetBooksByTitle" classname="com.talant.bootcamp.booksservice.controller.BookControllerTest" time="0.036">
    <system-out><![CDATA[2025-07-21T11:07:26.432+02:00 DEBUG 24292 --- [demoservice] [           main] s.w.s.m.m.a.RequestMappingHandlerMapping : Mapped to com.talant.bootcamp.booksservice.controller.BookController#getBooksByTitle(String)
2025-07-21T11:07:26.456+02:00 DEBUG 24292 --- [demoservice] [           main] o.s.w.s.m.m.a.HttpEntityMethodProcessor  : Using 'application/json', given [*/*] and supported [application/json, application/*+json]
2025-07-21T11:07:26.456+02:00 DEBUG 24292 --- [demoservice] [           main] o.s.w.s.m.m.a.HttpEntityMethodProcessor  : Writing [[BookResponse{id=1, title='Test Book', author='Test Author', isbn='1234567890', description='Test De (truncated)...]
]]></system-out>
  </testcase>
  <testcase name="shouldGetBooksByCategory" classname="com.talant.bootcamp.booksservice.controller.BookControllerTest" time="0.016">
    <system-out><![CDATA[2025-07-21T11:07:26.476+02:00 DEBUG 24292 --- [demoservice] [           main] s.w.s.m.m.a.RequestMappingHandlerMapping : Mapped to com.talant.bootcamp.booksservice.controller.BookController#getBooksByCategory(BookCategory)
2025-07-21T11:07:26.492+02:00 DEBUG 24292 --- [demoservice] [           main] o.s.w.s.m.m.a.HttpEntityMethodProcessor  : Using 'application/json', given [*/*] and supported [application/json, application/*+json]
2025-07-21T11:07:26.492+02:00 DEBUG 24292 --- [demoservice] [           main] o.s.w.s.m.m.a.HttpEntityMethodProcessor  : Writing [[BookResponse{id=1, title='Test Book', author='Test Author', isbn='1234567890', description='Test De (truncated)...]
]]></system-out>
  </testcase>
  <testcase name="shouldCheckIfBookExistsByIsbn" classname="com.talant.bootcamp.booksservice.controller.BookControllerTest" time="0.016">
    <system-out><![CDATA[2025-07-21T11:07:26.507+02:00 DEBUG 24292 --- [demoservice] [           main] s.w.s.m.m.a.RequestMappingHandlerMapping : Mapped to com.talant.bootcamp.booksservice.controller.BookController#existsByIsbn(String)
2025-07-21T11:07:26.523+02:00 DEBUG 24292 --- [demoservice] [           main] o.s.w.s.m.m.a.HttpEntityMethodProcessor  : Using 'application/json', given [*/*] and supported [application/json, application/*+json]
2025-07-21T11:07:26.523+02:00 DEBUG 24292 --- [demoservice] [           main] o.s.w.s.m.m.a.HttpEntityMethodProcessor  : Writing [true]
]]></system-out>
  </testcase>
  <testcase name="shouldValidatePositivePrice" classname="com.talant.bootcamp.booksservice.controller.BookControllerTest" time="0.107">
    <system-out><![CDATA[2025-07-21T11:07:26.573+02:00 DEBUG 24292 --- [demoservice] [           main] s.w.s.m.m.a.RequestMappingHandlerMapping : Mapped to com.talant.bootcamp.booksservice.controller.BookController#createBook(BookRequest)
2025-07-21T11:07:26.573+02:00 DEBUG 24292 --- [demoservice] [           main] m.m.a.RequestResponseBodyMethodProcessor : Read "application/json;charset=UTF-8" to [BookRequest{title='Test Book', author='Test Author', isbn='1234567890', description='Test Descriptio (truncated)...]
2025-07-21T11:07:26.623+02:00 DEBUG 24292 --- [demoservice] [           main] .m.m.a.ExceptionHandlerExceptionResolver : Using @ExceptionHandler com.talant.bootcamp.booksservice.exception.GlobalExceptionHandler#handleValidationExceptions(MethodArgumentNotValidException)
2025-07-21T11:07:26.623+02:00 DEBUG 24292 --- [demoservice] [           main] o.s.w.s.m.m.a.HttpEntityMethodProcessor  : Using 'application/json', given [*/*] and supported [application/json, application/*+json]
2025-07-21T11:07:26.623+02:00 DEBUG 24292 --- [demoservice] [           main] o.s.w.s.m.m.a.HttpEntityMethodProcessor  : Writing [com.talant.bootcamp.booksservice.exception.GlobalExceptionHandler$ErrorResponse@22c5c530]
2025-07-21T11:07:26.638+02:00 DEBUG 24292 --- [demoservice] [           main] .m.m.a.ExceptionHandlerExceptionResolver : Resolved [org.springframework.web.bind.MethodArgumentNotValidException: Validation failed for argument [0] in public org.springframework.http.ResponseEntity<com.talant.bootcamp.booksservice.dto.BookResponse> com.talant.bootcamp.booksservice.controller.BookController.createBook(com.talant.bootcamp.booksservice.dto.BookRequest): [Field error in object 'bookRequest' on field 'price': rejected value [-10.00]; codes [DecimalMin.bookRequest.price,DecimalMin.price,DecimalMin.java.math.BigDecimal,DecimalMin]; arguments [org.springframework.context.support.DefaultMessageSourceResolvable: codes [bookRequest.price,price]; arguments []; default message [price],false,0.0]; default message [Price must be greater than 0]] ]
]]></system-out>
  </testcase>
  <testcase name="shouldGetCategories" classname="com.talant.bootcamp.booksservice.controller.BookControllerTest" time="0.022">
    <system-out><![CDATA[2025-07-21T11:07:26.667+02:00 DEBUG 24292 --- [demoservice] [           main] s.w.s.m.m.a.RequestMappingHandlerMapping : Mapped to com.talant.bootcamp.booksservice.controller.BookController#getCategories()
2025-07-21T11:07:26.679+02:00 DEBUG 24292 --- [demoservice] [           main] o.s.w.s.m.m.a.HttpEntityMethodProcessor  : Using 'application/json', given [*/*] and supported [application/json, application/*+json]
2025-07-21T11:07:26.679+02:00 DEBUG 24292 --- [demoservice] [           main] o.s.w.s.m.m.a.HttpEntityMethodProcessor  : Writing [{Fiction, Non-Fiction, Science Fiction, Fantasy, Mystery, Thriller, Romance, Biography, History, Sci (truncated)...]
]]></system-out>
  </testcase>
  <testcase name="shouldValidateNonNegativeStock" classname="com.talant.bootcamp.booksservice.controller.BookControllerTest" time="0.013">
    <system-out><![CDATA[2025-07-21T11:07:26.707+02:00 DEBUG 24292 --- [demoservice] [           main] s.w.s.m.m.a.RequestMappingHandlerMapping : Mapped to com.talant.bootcamp.booksservice.controller.BookController#createBook(BookRequest)
2025-07-21T11:07:26.707+02:00 DEBUG 24292 --- [demoservice] [           main] m.m.a.RequestResponseBodyMethodProcessor : Read "application/json;charset=UTF-8" to [BookRequest{title='Test Book', author='Test Author', isbn='1234567890', description='Test Descriptio (truncated)...]
2025-07-21T11:07:26.707+02:00 DEBUG 24292 --- [demoservice] [           main] .m.m.a.ExceptionHandlerExceptionResolver : Using @ExceptionHandler com.talant.bootcamp.booksservice.exception.GlobalExceptionHandler#handleValidationExceptions(MethodArgumentNotValidException)
2025-07-21T11:07:26.707+02:00 DEBUG 24292 --- [demoservice] [           main] o.s.w.s.m.m.a.HttpEntityMethodProcessor  : Using 'application/json', given [*/*] and supported [application/json, application/*+json]
2025-07-21T11:07:26.707+02:00 DEBUG 24292 --- [demoservice] [           main] o.s.w.s.m.m.a.HttpEntityMethodProcessor  : Writing [com.talant.bootcamp.booksservice.exception.GlobalExceptionHandler$ErrorResponse@675f9bc6]
2025-07-21T11:07:26.707+02:00 DEBUG 24292 --- [demoservice] [           main] .m.m.a.ExceptionHandlerExceptionResolver : Resolved [org.springframework.web.bind.MethodArgumentNotValidException: Validation failed for argument [0] in public org.springframework.http.ResponseEntity<com.talant.bootcamp.booksservice.dto.BookResponse> com.talant.bootcamp.booksservice.controller.BookController.createBook(com.talant.bootcamp.booksservice.dto.BookRequest): [Field error in object 'bookRequest' on field 'stock': rejected value [-5]; codes [Min.bookRequest.stock,Min.stock,Min.java.lang.Integer,Min]; arguments [org.springframework.context.support.DefaultMessageSourceResolvable: codes [bookRequest.stock,stock]; arguments []; default message [stock],0]; default message [Stock must be greater than 0]] ]
]]></system-out>
  </testcase>
  <testcase name="shouldGetBooksOutOfStock" classname="com.talant.bootcamp.booksservice.controller.BookControllerTest" time="0.02">
    <system-out><![CDATA[2025-07-21T11:07:26.727+02:00 DEBUG 24292 --- [demoservice] [           main] s.w.s.m.m.a.RequestMappingHandlerMapping : Mapped to com.talant.bootcamp.booksservice.controller.BookController#getBooksOutOfStock()
2025-07-21T11:07:26.727+02:00 DEBUG 24292 --- [demoservice] [           main] o.s.w.s.m.m.a.HttpEntityMethodProcessor  : Using 'application/json', given [*/*] and supported [application/json, application/*+json]
2025-07-21T11:07:26.727+02:00 DEBUG 24292 --- [demoservice] [           main] o.s.w.s.m.m.a.HttpEntityMethodProcessor  : Writing [[BookResponse{id=1, title='Test Book', author='Test Author', isbn='1234567890', description='Test De (truncated)...]
]]></system-out>
  </testcase>
  <testcase name="shouldUpdateStock" classname="com.talant.bootcamp.booksservice.controller.BookControllerTest" time="0.009">
    <system-out><![CDATA[2025-07-21T11:07:26.750+02:00 DEBUG 24292 --- [demoservice] [           main] s.w.s.m.m.a.RequestMappingHandlerMapping : Mapped to com.talant.bootcamp.booksservice.controller.BookController#updateStock(Long, Integer)
2025-07-21T11:07:26.751+02:00 DEBUG 24292 --- [demoservice] [           main] o.s.w.s.m.m.a.HttpEntityMethodProcessor  : Using 'application/json', given [*/*] and supported [application/json, application/*+json]
2025-07-21T11:07:26.751+02:00 DEBUG 24292 --- [demoservice] [           main] o.s.w.s.m.m.a.HttpEntityMethodProcessor  : Writing [BookResponse{id=1, title='Test Book', author='Test Author', isbn='1234567890', description='Test Des (truncated)...]
]]></system-out>
  </testcase>
  <testcase name="shouldCreateBook" classname="com.talant.bootcamp.booksservice.controller.BookControllerTest" time="0.026">
    <system-out><![CDATA[2025-07-21T11:07:26.777+02:00 DEBUG 24292 --- [demoservice] [           main] s.w.s.m.m.a.RequestMappingHandlerMapping : Mapped to com.talant.bootcamp.booksservice.controller.BookController#createBook(BookRequest)
2025-07-21T11:07:26.777+02:00 DEBUG 24292 --- [demoservice] [           main] m.m.a.RequestResponseBodyMethodProcessor : Read "application/json;charset=UTF-8" to [BookRequest{title='Test Book', author='Test Author', isbn='1234567890', description='Test Descriptio (truncated)...]
2025-07-21T11:07:26.777+02:00 DEBUG 24292 --- [demoservice] [           main] o.s.w.s.m.m.a.HttpEntityMethodProcessor  : Using 'application/json', given [*/*] and supported [application/json, application/*+json]
2025-07-21T11:07:26.777+02:00 DEBUG 24292 --- [demoservice] [           main] o.s.w.s.m.m.a.HttpEntityMethodProcessor  : Writing [BookResponse{id=1, title='Test Book', author='Test Author', isbn='1234567890', description='Test Des (truncated)...]
]]></system-out>
  </testcase>
  <testcase name="shouldGetAllBooks" classname="com.talant.bootcamp.booksservice.controller.BookControllerTest" time="0.016">
    <system-out><![CDATA[2025-07-21T11:07:26.793+02:00 DEBUG 24292 --- [demoservice] [           main] s.w.s.m.m.a.RequestMappingHandlerMapping : Mapped to com.talant.bootcamp.booksservice.controller.BookController#getAllBooks()
2025-07-21T11:07:26.793+02:00 DEBUG 24292 --- [demoservice] [           main] o.s.w.s.m.m.a.HttpEntityMethodProcessor  : Using 'application/json', given [*/*] and supported [application/json, application/*+json]
2025-07-21T11:07:26.793+02:00 DEBUG 24292 --- [demoservice] [           main] o.s.w.s.m.m.a.HttpEntityMethodProcessor  : Writing [[BookResponse{id=1, title='Test Book', author='Test Author', isbn='1234567890', description='Test De (truncated)...]
]]></system-out>
  </testcase>
  <testcase name="shouldGetBookByIsbn" classname="com.talant.bootcamp.booksservice.controller.BookControllerTest" time="0.016">
    <system-out><![CDATA[2025-07-21T11:07:26.809+02:00 DEBUG 24292 --- [demoservice] [           main] s.w.s.m.m.a.RequestMappingHandlerMapping : Mapped to com.talant.bootcamp.booksservice.controller.BookController#getBookByIsbn(String)
2025-07-21T11:07:26.809+02:00 DEBUG 24292 --- [demoservice] [           main] o.s.w.s.m.m.a.HttpEntityMethodProcessor  : Using 'application/json', given [*/*] and supported [application/json, application/*+json]
2025-07-21T11:07:26.809+02:00 DEBUG 24292 --- [demoservice] [           main] o.s.w.s.m.m.a.HttpEntityMethodProcessor  : Writing [BookResponse{id=1, title='Test Book', author='Test Author', isbn='1234567890', description='Test Des (truncated)...]
]]></system-out>
  </testcase>
  <testcase name="shouldGetBookById" classname="com.talant.bootcamp.booksservice.controller.BookControllerTest" time="0.016">
    <system-out><![CDATA[2025-07-21T11:07:26.824+02:00 DEBUG 24292 --- [demoservice] [           main] s.w.s.m.m.a.RequestMappingHandlerMapping : Mapped to com.talant.bootcamp.booksservice.controller.BookController#getBookById(Long)
2025-07-21T11:07:26.824+02:00 DEBUG 24292 --- [demoservice] [           main] o.s.w.s.m.m.a.HttpEntityMethodProcessor  : Using 'application/json', given [*/*] and supported [application/json, application/*+json]
2025-07-21T11:07:26.824+02:00 DEBUG 24292 --- [demoservice] [           main] o.s.w.s.m.m.a.HttpEntityMethodProcessor  : Writing [BookResponse{id=1, title='Test Book', author='Test Author', isbn='1234567890', description='Test Des (truncated)...]
]]></system-out>
  </testcase>
  <testcase name="shouldHandleDuplicateIsbnException" classname="com.talant.bootcamp.booksservice.controller.BookControllerTest" time="0.034">
    <system-out><![CDATA[2025-07-21T11:07:26.857+02:00 DEBUG 24292 --- [demoservice] [           main] s.w.s.m.m.a.RequestMappingHandlerMapping : Mapped to com.talant.bootcamp.booksservice.controller.BookController#createBook(BookRequest)
2025-07-21T11:07:26.857+02:00 DEBUG 24292 --- [demoservice] [           main] m.m.a.RequestResponseBodyMethodProcessor : Read "application/json;charset=UTF-8" to [BookRequest{title='Test Book', author='Test Author', isbn='1234567890', description='Test Descriptio (truncated)...]
2025-07-21T11:07:26.857+02:00 DEBUG 24292 --- [demoservice] [           main] .m.m.a.ExceptionHandlerExceptionResolver : Using @ExceptionHandler com.talant.bootcamp.booksservice.exception.GlobalExceptionHandler#handleDuplicateIsbnException(DuplicateIsbnException)
2025-07-21T11:07:26.857+02:00 DEBUG 24292 --- [demoservice] [           main] o.s.w.s.m.m.a.HttpEntityMethodProcessor  : Using 'application/json', given [*/*] and supported [application/json, application/*+json]
2025-07-21T11:07:26.857+02:00 DEBUG 24292 --- [demoservice] [           main] o.s.w.s.m.m.a.HttpEntityMethodProcessor  : Writing [com.talant.bootcamp.booksservice.exception.GlobalExceptionHandler$ErrorResponse@307f6602]
2025-07-21T11:07:26.857+02:00 DEBUG 24292 --- [demoservice] [           main] .m.m.a.ExceptionHandlerExceptionResolver : Resolved [com.talant.bootcamp.booksservice.exception.DuplicateIsbnException: A book with ISBN 1234567890 already exists]
]]></system-out>
  </testcase>
  <testcase name="shouldDeleteBook" classname="com.talant.bootcamp.booksservice.controller.BookControllerTest" time="0.015">
    <system-out><![CDATA[2025-07-21T11:07:26.874+02:00 DEBUG 24292 --- [demoservice] [           main] s.w.s.m.m.a.RequestMappingHandlerMapping : Mapped to com.talant.bootcamp.booksservice.controller.BookController#deleteBook(Long)
Deleting book with ID: 1
2025-07-21T11:07:26.874+02:00 DEBUG 24292 --- [demoservice] [           main] o.s.w.s.m.m.a.HttpEntityMethodProcessor  : Using 'application/json', given [*/*] and supported [application/json, application/*+json]
2025-07-21T11:07:26.874+02:00 DEBUG 24292 --- [demoservice] [           main] o.s.w.s.m.m.a.HttpEntityMethodProcessor  : Nothing to write: null body
]]></system-out>
  </testcase>
  <testcase name="shouldGetBooksByAuthor" classname="com.talant.bootcamp.booksservice.controller.BookControllerTest" time="0.016">
    <system-out><![CDATA[2025-07-21T11:07:26.889+02:00 DEBUG 24292 --- [demoservice] [           main] s.w.s.m.m.a.RequestMappingHandlerMapping : Mapped to com.talant.bootcamp.booksservice.controller.BookController#getBooksByAuthor(String)
2025-07-21T11:07:26.889+02:00 DEBUG 24292 --- [demoservice] [           main] o.s.w.s.m.m.a.HttpEntityMethodProcessor  : Using 'application/json', given [*/*] and supported [application/json, application/*+json]
2025-07-21T11:07:26.889+02:00 DEBUG 24292 --- [demoservice] [           main] o.s.w.s.m.m.a.HttpEntityMethodProcessor  : Writing [[BookResponse{id=1, title='Test Book', author='Test Author', isbn='1234567890', description='Test De (truncated)...]
]]></system-out>
  </testcase>
  <testcase name="shouldHandleBookNotFoundException" classname="com.talant.bootcamp.booksservice.controller.BookControllerTest" time="0.016">
    <system-out><![CDATA[2025-07-21T11:07:26.921+02:00 DEBUG 24292 --- [demoservice] [           main] s.w.s.m.m.a.RequestMappingHandlerMapping : Mapped to com.talant.bootcamp.booksservice.controller.BookController#getBookById(Long)
2025-07-21T11:07:26.921+02:00 DEBUG 24292 --- [demoservice] [           main] .m.m.a.ExceptionHandlerExceptionResolver : Using @ExceptionHandler com.talant.bootcamp.booksservice.exception.GlobalExceptionHandler#handleBookNotFoundException(BookNotFoundException)
2025-07-21T11:07:26.921+02:00 DEBUG 24292 --- [demoservice] [           main] o.s.w.s.m.m.a.HttpEntityMethodProcessor  : Using 'application/json', given [*/*] and supported [application/json, application/*+json]
2025-07-21T11:07:26.921+02:00 DEBUG 24292 --- [demoservice] [           main] o.s.w.s.m.m.a.HttpEntityMethodProcessor  : Writing [com.talant.bootcamp.booksservice.exception.GlobalExceptionHandler$ErrorResponse@a10d314]
2025-07-21T11:07:26.921+02:00 DEBUG 24292 --- [demoservice] [           main] .m.m.a.ExceptionHandlerExceptionResolver : Resolved [com.talant.bootcamp.booksservice.exception.BookNotFoundException: Book not found with ID: 999]
]]></system-out>
  </testcase>
  <testcase name="shouldValidateIsbnFormat" classname="com.talant.bootcamp.booksservice.controller.BookControllerTest" time="0.029">
    <system-out><![CDATA[2025-07-21T11:07:26.936+02:00 DEBUG 24292 --- [demoservice] [           main] s.w.s.m.m.a.RequestMappingHandlerMapping : Mapped to com.talant.bootcamp.booksservice.controller.BookController#createBook(BookRequest)
2025-07-21T11:07:26.936+02:00 DEBUG 24292 --- [demoservice] [           main] m.m.a.RequestResponseBodyMethodProcessor : Read "application/json;charset=UTF-8" to [BookRequest{title='Test Book', author='Test Author', isbn='invalid-isbn', description='Test Descript (truncated)...]
2025-07-21T11:07:26.936+02:00 DEBUG 24292 --- [demoservice] [           main] .m.m.a.ExceptionHandlerExceptionResolver : Using @ExceptionHandler com.talant.bootcamp.booksservice.exception.GlobalExceptionHandler#handleValidationExceptions(MethodArgumentNotValidException)
2025-07-21T11:07:26.936+02:00 DEBUG 24292 --- [demoservice] [           main] o.s.w.s.m.m.a.HttpEntityMethodProcessor  : Using 'application/json', given [*/*] and supported [application/json, application/*+json]
2025-07-21T11:07:26.936+02:00 DEBUG 24292 --- [demoservice] [           main] o.s.w.s.m.m.a.HttpEntityMethodProcessor  : Writing [com.talant.bootcamp.booksservice.exception.GlobalExceptionHandler$ErrorResponse@53a86a22]
2025-07-21T11:07:26.936+02:00 DEBUG 24292 --- [demoservice] [           main] .m.m.a.ExceptionHandlerExceptionResolver : Resolved [org.springframework.web.bind.MethodArgumentNotValidException: Validation failed for argument [0] in public org.springframework.http.ResponseEntity<com.talant.bootcamp.booksservice.dto.BookResponse> com.talant.bootcamp.booksservice.controller.BookController.createBook(com.talant.bootcamp.booksservice.dto.BookRequest): [Field error in object 'bookRequest' on field 'isbn': rejected value [invalid-isbn]; codes [Pattern.bookRequest.isbn,Pattern.isbn,Pattern.java.lang.String,Pattern]; arguments [org.springframework.context.support.DefaultMessageSourceResolvable: codes [bookRequest.isbn,isbn]; arguments []; default message [isbn],[Ljakarta.validation.constraints.Pattern$Flag;@27e7953b,^(?:[0-9]{10}|[0-9]{13})$]; default message [ISBN must be 10 or 13 digits]] ]
]]></system-out>
  </testcase>
  <testcase name="shouldSearchBooksByText" classname="com.talant.bootcamp.booksservice.controller.BookControllerTest" time="0.0">
    <system-out><![CDATA[2025-07-21T11:07:26.950+02:00 DEBUG 24292 --- [demoservice] [           main] s.w.s.m.m.a.RequestMappingHandlerMapping : Mapped to com.talant.bootcamp.booksservice.controller.BookController#searchBooks(String)
2025-07-21T11:07:26.950+02:00 DEBUG 24292 --- [demoservice] [           main] o.s.w.s.m.m.a.HttpEntityMethodProcessor  : Using 'application/json', given [*/*] and supported [application/json, application/*+json]
2025-07-21T11:07:26.950+02:00 DEBUG 24292 --- [demoservice] [           main] o.s.w.s.m.m.a.HttpEntityMethodProcessor  : Writing [[BookResponse{id=1, title='Test Book', author='Test Author', isbn='1234567890', description='Test De (truncated)...]
]]></system-out>
  </testcase>
  <testcase name="shouldValidateRequiredFields" classname="com.talant.bootcamp.booksservice.controller.BookControllerTest" time="0.034">
    <system-out><![CDATA[2025-07-21T11:07:26.968+02:00 DEBUG 24292 --- [demoservice] [           main] s.w.s.m.m.a.RequestMappingHandlerMapping : Mapped to com.talant.bootcamp.booksservice.controller.BookController#createBook(BookRequest)
2025-07-21T11:07:26.973+02:00 DEBUG 24292 --- [demoservice] [           main] m.m.a.RequestResponseBodyMethodProcessor : Read "application/json;charset=UTF-8" to [BookRequest{title='null', author='null', isbn='null', description='null', price=null, stock=null, ca (truncated)...]
2025-07-21T11:07:26.973+02:00 DEBUG 24292 --- [demoservice] [           main] .m.m.a.ExceptionHandlerExceptionResolver : Using @ExceptionHandler com.talant.bootcamp.booksservice.exception.GlobalExceptionHandler#handleValidationExceptions(MethodArgumentNotValidException)
2025-07-21T11:07:26.973+02:00 DEBUG 24292 --- [demoservice] [           main] o.s.w.s.m.m.a.HttpEntityMethodProcessor  : Using 'application/json', given [*/*] and supported [application/json, application/*+json]
2025-07-21T11:07:26.973+02:00 DEBUG 24292 --- [demoservice] [           main] o.s.w.s.m.m.a.HttpEntityMethodProcessor  : Writing [com.talant.bootcamp.booksservice.exception.GlobalExceptionHandler$ErrorResponse@27a18433]
2025-07-21T11:07:26.973+02:00 DEBUG 24292 --- [demoservice] [           main] .m.m.a.ExceptionHandlerExceptionResolver : Resolved [org.springframework.web.bind.MethodArgumentNotValidException: Validation failed for argument [0] in public org.springframework.http.ResponseEntity<com.talant.bootcamp.booksservice.dto.BookResponse> com.talant.bootcamp.booksservice.controller.BookController.createBook(com.talant.bootcamp.booksservice.dto.BookRequest) with 6 errors: [Field error in object 'bookRequest' on field 'title': rejected value [null]; codes [NotBlank.bookRequest.title,NotBlank.title,NotBlank.java.lang.String,NotBlank]; arguments [org.springframework.context.support.DefaultMessageSourceResolvable: codes [bookRequest.title,title]; arguments []; default message [title]]; default message [Title is required]] [Field error in object 'bookRequest' on field 'stock': rejected value [null]; codes [NotNull.bookRequest.stock,NotNull.stock,NotNull.java.lang.Integer,NotNull]; arguments [org.springframework.context.support.DefaultMessageSourceResolvable: codes [bookRequest.stock,stock]; arguments []; default message [stock]]; default message [Stock is required]] [Field error in object 'bookRequest' on field 'author': rejected value [null]; codes [NotBlank.bookRequest.author,NotBlank.author,NotBlank.java.lang.String,NotBlank]; arguments [org.springframework.context.support.DefaultMessageSourceResolvable: codes [bookRequest.author,author]; arguments []; default message [author]]; default message [Author is required]] [Field error in object 'bookRequest' on field 'category': rejected value [null]; codes [NotNull.bookRequest.category,NotNull.category,NotNull.com.talant.bootcamp.booksservice.model.BookCategory,NotNull]; arguments [org.springframework.context.support.DefaultMessageSourceResolvable: codes [bookRequest.category,category]; arguments []; default message [category]]; default message [Category is required]] [Field error in object 'bookRequest' on field 'isbn': rejected value [null]; codes [NotBlank.bookRequest.isbn,NotBlank.isbn,NotBlank.java.lang.String,NotBlank]; arguments [org.springframework.context.support.DefaultMessageSourceResolvable: codes [bookRequest.isbn,isbn]; arguments []; default message [isbn]]; default message [ISBN is required]] [Field error in object 'bookRequest' on field 'price': rejected value [null]; codes [NotNull.bookRequest.price,NotNull.price,NotNull.java.math.BigDecimal,NotNull]; arguments [org.springframework.context.support.DefaultMessageSourceResolvable: codes [bookRequest.price,price]; arguments []; default message [price]]; default message [Price is required]] ]
]]></system-out>
  </testcase>
</testsuite>