<?xml version="1.0" encoding="UTF-8"?>
<testsuite xmlns:xsi="http://www.w3.org/2001/XMLSchema-instance" xsi:noNamespaceSchemaLocation="https://maven.apache.org/surefire/maven-surefire-plugin/xsd/surefire-test-report.xsd" version="3.0.2" name="com.talant.bootcamp.booksservice.repository.BookRepositoryTest" time="1.47" tests="38" errors="0" skipped="0" failures="0">
  <properties>
[...]
</properties>
  <testcase name="shouldFindBooksWithStockGreaterThan" classname="com.talant.bootcamp.booksservice.repository.BookRepositoryTest" time="0.263">
    <system-out><![CDATA[2025-07-21T11:07:43.711+02:00  INFO 24292 --- [demoservice] [           main] t.c.s.AnnotationConfigContextLoaderUtils : Could not detect default configuration classes for test class [com.talant.bootcamp.booksservice.repository.BookRepositoryTest]: BookRepositoryTest does not declare any static, non-private, non-final, nested classes annotated with @Configuration.
2025-07-21T11:07:43.734+02:00  INFO 24292 --- [demoservice] [           main] .b.t.c.SpringBootTestContextBootstrapper : Found @SpringBootConfiguration com.talant.bootcamp.booksservice.BooksserviceApplication for test class com.talant.bootcamp.booksservice.repository.BookRepositoryTest

  .   ____          _            __ _ _
 /\\ / ___'_ __ _ _(_)_ __  __ _ \ \ \ \
( ( )\___ | '_ | '_| | '_ \/ _` | \ \ \ \
 \\/  ___)| |_)| | | | | || (_| |  ) ) ) )
  '  |____| .__|_| |_|_| |_\__, | / / / /
 =========|_|==============|___/=/_/_/_/

 :: Spring Boot ::                (v3.5.3)

2025-07-21T11:07:43.765+02:00  INFO 24292 --- [demoservice] [           main] c.t.b.b.repository.BookRepositoryTest    : Starting BookRepositoryTest using Java 21.0.7 with PID 24292 (started by IrakliyMarsagishvili in C:\Users\IrakliyMarsagishvili\OneDrive - talan.com\Desktop\Microservices bootcamp\Bootcamp Projects\hohohoho)
2025-07-21T11:07:43.765+02:00  INFO 24292 --- [demoservice] [           main] c.t.b.b.repository.BookRepositoryTest    : The following 1 profile is active: "test"
2025-07-21T11:07:43.865+02:00  INFO 24292 --- [demoservice] [           main] .s.d.r.c.RepositoryConfigurationDelegate : Bootstrapping Spring Data JPA repositories in DEFAULT mode.
2025-07-21T11:07:43.881+02:00  INFO 24292 --- [demoservice] [           main] .s.d.r.c.RepositoryConfigurationDelegate : Finished Spring Data repository scanning in 10 ms. Found 1 JPA repository interface.
2025-07-21T11:07:43.897+02:00  INFO 24292 --- [demoservice] [           main] beddedDataSourceBeanFactoryPostProcessor : Replacing 'dataSource' DataSource bean with embedded version
2025-07-21T11:07:43.916+02:00  INFO 24292 --- [demoservice] [           main] o.s.j.d.e.EmbeddedDatabaseFactory        : Starting embedded database: url='jdbc:h2:mem:1b297787-782f-41e7-ad10-17c6402df366;DB_CLOSE_DELAY=-1;DB_CLOSE_ON_EXIT=false', username='sa'
2025-07-21T11:07:43.934+02:00  INFO 24292 --- [demoservice] [           main] o.hibernate.jpa.internal.util.LogHelper  : HHH000204: Processing PersistenceUnitInfo [name: default]
2025-07-21T11:07:43.950+02:00  INFO 24292 --- [demoservice] [           main] o.h.c.internal.RegionFactoryInitiator    : HHH000026: Second-level cache disabled
2025-07-21T11:07:43.950+02:00  INFO 24292 --- [demoservice] [           main] o.s.o.j.p.SpringPersistenceUnitInfo      : No LoadTimeWeaver setup: ignoring JPA class transformer
2025-07-21T11:07:43.950+02:00  WARN 24292 --- [demoservice] [           main] org.hibernate.orm.deprecation            : HHH90000025: H2Dialect does not need to be specified explicitly using 'hibernate.dialect' (remove the property setting and it will be selected by default)
2025-07-21T11:07:43.950+02:00  INFO 24292 --- [demoservice] [           main] org.hibernate.orm.connections.pooling    : HHH10001005: Database info:
	Database JDBC URL [Connecting through datasource 'org.springframework.jdbc.datasource.embedded.EmbeddedDatabaseFactory$EmbeddedDataSourceProxy@31becdf5']
	Database driver: undefined/unknown
	Database version: 2.3.232
	Autocommit mode: undefined/unknown
	Isolation level: undefined/unknown
	Minimum pool size: undefined/unknown
	Maximum pool size: undefined/unknown
2025-07-21T11:07:43.981+02:00  INFO 24292 --- [demoservice] [           main] o.h.e.t.j.p.i.JtaPlatformInitiator       : HHH000489: No JTA platform available (set 'hibernate.transaction.jta.platform' to enable JTA platform integration)
Hibernate: drop table if exists books cascade 
Hibernate: create table books (price numeric(10,2) not null, stock integer not null check ((stock<=999999) and (stock>=0)), created_at timestamp(6) not null, id bigint generated by default as identity, updated_at timestamp(6), description varchar(1000), author varchar(255) not null, isbn varchar(255) not null unique, title varchar(255) not null, category enum ('ACADEMIC','BIOGRAPHY','BUSINESS','CHILDREN','COOKING','FANTASY','FICTION','HISTORY','MYSTERY','NON_FICTION','OTHER','REFERENCE','ROMANCE','SCIENCE','SCIENCE_FICTION','SELF_HELP','TECHNOLOGY','THRILLER','TRAVEL','YOUNG_ADULT') not null, primary key (id))
2025-07-21T11:07:43.981+02:00  INFO 24292 --- [demoservice] [           main] j.LocalContainerEntityManagerFactoryBean : Initialized JPA EntityManagerFactory for persistence unit 'default'
2025-07-21T11:07:44.021+02:00  INFO 24292 --- [demoservice] [           main] c.t.b.b.repository.BookRepositoryTest    : Started BookRepositoryTest in 0.272 seconds (process running for 29.229)
Hibernate: select b1_0.id,b1_0.author,b1_0.category,b1_0.created_at,b1_0.description,b1_0.isbn,b1_0.price,b1_0.stock,b1_0.title,b1_0.updated_at from books b1_0
Hibernate: insert into books (author,category,created_at,description,isbn,price,stock,title,updated_at,id) values (?,?,?,?,?,?,?,?,?,default)
Hibernate: insert into books (author,category,created_at,description,isbn,price,stock,title,updated_at,id) values (?,?,?,?,?,?,?,?,?,default)
Hibernate: insert into books (author,category,created_at,description,isbn,price,stock,title,updated_at,id) values (?,?,?,?,?,?,?,?,?,default)
Hibernate: insert into books (author,category,created_at,description,isbn,price,stock,title,updated_at,id) values (?,?,?,?,?,?,?,?,?,default)
Hibernate: insert into books (author,category,created_at,description,isbn,price,stock,title,updated_at,id) values (?,?,?,?,?,?,?,?,?,default)
Hibernate: insert into books (author,category,created_at,description,isbn,price,stock,title,updated_at,id) values (?,?,?,?,?,?,?,?,?,default)
Hibernate: select b1_0.id,b1_0.author,b1_0.category,b1_0.created_at,b1_0.description,b1_0.isbn,b1_0.price,b1_0.stock,b1_0.title,b1_0.updated_at from books b1_0 where b1_0.stock>?
]]></system-out>
  </testcase>
  <testcase name="shouldHandleCaseInsensitiveSearchWithSpecialCharacters" classname="com.talant.bootcamp.booksservice.repository.BookRepositoryTest" time="0.02">
    <system-out><![CDATA[Hibernate: select b1_0.id,b1_0.author,b1_0.category,b1_0.created_at,b1_0.description,b1_0.isbn,b1_0.price,b1_0.stock,b1_0.title,b1_0.updated_at from books b1_0
Hibernate: insert into books (author,category,created_at,description,isbn,price,stock,title,updated_at,id) values (?,?,?,?,?,?,?,?,?,default)
Hibernate: insert into books (author,category,created_at,description,isbn,price,stock,title,updated_at,id) values (?,?,?,?,?,?,?,?,?,default)
Hibernate: insert into books (author,category,created_at,description,isbn,price,stock,title,updated_at,id) values (?,?,?,?,?,?,?,?,?,default)
Hibernate: insert into books (author,category,created_at,description,isbn,price,stock,title,updated_at,id) values (?,?,?,?,?,?,?,?,?,default)
Hibernate: insert into books (author,category,created_at,description,isbn,price,stock,title,updated_at,id) values (?,?,?,?,?,?,?,?,?,default)
Hibernate: insert into books (author,category,created_at,description,isbn,price,stock,title,updated_at,id) values (?,?,?,?,?,?,?,?,?,default)
]]></system-out>
  </testcase>
  <testcase name="shouldFindBooksByCategory" classname="com.talant.bootcamp.booksservice.repository.BookRepositoryTest" time="0.018">
    <system-out><![CDATA[Hibernate: select b1_0.id,b1_0.author,b1_0.category,b1_0.created_at,b1_0.description,b1_0.isbn,b1_0.price,b1_0.stock,b1_0.title,b1_0.updated_at from books b1_0
Hibernate: insert into books (author,category,created_at,description,isbn,price,stock,title,updated_at,id) values (?,?,?,?,?,?,?,?,?,default)
Hibernate: insert into books (author,category,created_at,description,isbn,price,stock,title,updated_at,id) values (?,?,?,?,?,?,?,?,?,default)
Hibernate: insert into books (author,category,created_at,description,isbn,price,stock,title,updated_at,id) values (?,?,?,?,?,?,?,?,?,default)
Hibernate: insert into books (author,category,created_at,description,isbn,price,stock,title,updated_at,id) values (?,?,?,?,?,?,?,?,?,default)
Hibernate: insert into books (author,category,created_at,description,isbn,price,stock,title,updated_at,id) values (?,?,?,?,?,?,?,?,?,default)
Hibernate: insert into books (author,category,created_at,description,isbn,price,stock,title,updated_at,id) values (?,?,?,?,?,?,?,?,?,default)
Hibernate: select b1_0.id,b1_0.author,b1_0.category,b1_0.created_at,b1_0.description,b1_0.isbn,b1_0.price,b1_0.stock,b1_0.title,b1_0.updated_at from books b1_0 where b1_0.category=?
]]></system-out>
  </testcase>
  <testcase name="shouldFindBooksWithSpecificStock" classname="com.talant.bootcamp.booksservice.repository.BookRepositoryTest" time="0.031">
    <system-out><![CDATA[Hibernate: select b1_0.id,b1_0.author,b1_0.category,b1_0.created_at,b1_0.description,b1_0.isbn,b1_0.price,b1_0.stock,b1_0.title,b1_0.updated_at from books b1_0
Hibernate: insert into books (author,category,created_at,description,isbn,price,stock,title,updated_at,id) values (?,?,?,?,?,?,?,?,?,default)
Hibernate: insert into books (author,category,created_at,description,isbn,price,stock,title,updated_at,id) values (?,?,?,?,?,?,?,?,?,default)
Hibernate: insert into books (author,category,created_at,description,isbn,price,stock,title,updated_at,id) values (?,?,?,?,?,?,?,?,?,default)
Hibernate: insert into books (author,category,created_at,description,isbn,price,stock,title,updated_at,id) values (?,?,?,?,?,?,?,?,?,default)
Hibernate: insert into books (author,category,created_at,description,isbn,price,stock,title,updated_at,id) values (?,?,?,?,?,?,?,?,?,default)
Hibernate: insert into books (author,category,created_at,description,isbn,price,stock,title,updated_at,id) values (?,?,?,?,?,?,?,?,?,default)
Hibernate: select b1_0.id,b1_0.author,b1_0.category,b1_0.created_at,b1_0.description,b1_0.isbn,b1_0.price,b1_0.stock,b1_0.title,b1_0.updated_at from books b1_0 where b1_0.stock=?
]]></system-out>
  </testcase>
  <testcase name="shouldUpdateBook" classname="com.talant.bootcamp.booksservice.repository.BookRepositoryTest" time="0.016">
    <system-out><![CDATA[Hibernate: select b1_0.id,b1_0.author,b1_0.category,b1_0.created_at,b1_0.description,b1_0.isbn,b1_0.price,b1_0.stock,b1_0.title,b1_0.updated_at from books b1_0
Hibernate: insert into books (author,category,created_at,description,isbn,price,stock,title,updated_at,id) values (?,?,?,?,?,?,?,?,?,default)
Hibernate: insert into books (author,category,created_at,description,isbn,price,stock,title,updated_at,id) values (?,?,?,?,?,?,?,?,?,default)
Hibernate: insert into books (author,category,created_at,description,isbn,price,stock,title,updated_at,id) values (?,?,?,?,?,?,?,?,?,default)
Hibernate: insert into books (author,category,created_at,description,isbn,price,stock,title,updated_at,id) values (?,?,?,?,?,?,?,?,?,default)
Hibernate: insert into books (author,category,created_at,description,isbn,price,stock,title,updated_at,id) values (?,?,?,?,?,?,?,?,?,default)
Hibernate: insert into books (author,category,created_at,description,isbn,price,stock,title,updated_at,id) values (?,?,?,?,?,?,?,?,?,default)
]]></system-out>
  </testcase>
  <testcase name="shouldCountBooksByCategory" classname="com.talant.bootcamp.booksservice.repository.BookRepositoryTest" time="0.025">
    <system-out><![CDATA[Hibernate: select b1_0.id,b1_0.author,b1_0.category,b1_0.created_at,b1_0.description,b1_0.isbn,b1_0.price,b1_0.stock,b1_0.title,b1_0.updated_at from books b1_0
Hibernate: insert into books (author,category,created_at,description,isbn,price,stock,title,updated_at,id) values (?,?,?,?,?,?,?,?,?,default)
Hibernate: insert into books (author,category,created_at,description,isbn,price,stock,title,updated_at,id) values (?,?,?,?,?,?,?,?,?,default)
Hibernate: insert into books (author,category,created_at,description,isbn,price,stock,title,updated_at,id) values (?,?,?,?,?,?,?,?,?,default)
Hibernate: insert into books (author,category,created_at,description,isbn,price,stock,title,updated_at,id) values (?,?,?,?,?,?,?,?,?,default)
Hibernate: insert into books (author,category,created_at,description,isbn,price,stock,title,updated_at,id) values (?,?,?,?,?,?,?,?,?,default)
Hibernate: insert into books (author,category,created_at,description,isbn,price,stock,title,updated_at,id) values (?,?,?,?,?,?,?,?,?,default)
Hibernate: select b1_0.category,count(b1_0.id) from books b1_0 group by b1_0.category
]]></system-out>
  </testcase>
  <testcase name="shouldFindBooksByAuthor" classname="com.talant.bootcamp.booksservice.repository.BookRepositoryTest" time="0.028">
    <system-out><![CDATA[Hibernate: select b1_0.id,b1_0.author,b1_0.category,b1_0.created_at,b1_0.description,b1_0.isbn,b1_0.price,b1_0.stock,b1_0.title,b1_0.updated_at from books b1_0
Hibernate: insert into books (author,category,created_at,description,isbn,price,stock,title,updated_at,id) values (?,?,?,?,?,?,?,?,?,default)
Hibernate: insert into books (author,category,created_at,description,isbn,price,stock,title,updated_at,id) values (?,?,?,?,?,?,?,?,?,default)
Hibernate: insert into books (author,category,created_at,description,isbn,price,stock,title,updated_at,id) values (?,?,?,?,?,?,?,?,?,default)
Hibernate: insert into books (author,category,created_at,description,isbn,price,stock,title,updated_at,id) values (?,?,?,?,?,?,?,?,?,default)
Hibernate: insert into books (author,category,created_at,description,isbn,price,stock,title,updated_at,id) values (?,?,?,?,?,?,?,?,?,default)
Hibernate: insert into books (author,category,created_at,description,isbn,price,stock,title,updated_at,id) values (?,?,?,?,?,?,?,?,?,default)
Hibernate: select b1_0.id,b1_0.author,b1_0.category,b1_0.created_at,b1_0.description,b1_0.isbn,b1_0.price,b1_0.stock,b1_0.title,b1_0.updated_at from books b1_0 where upper(b1_0.author) like upper(?) escape '\'
]]></system-out>
  </testcase>
  <testcase name="shouldFindMultipleBooksByPartialAuthor" classname="com.talant.bootcamp.booksservice.repository.BookRepositoryTest" time="0.031">
    <system-out><![CDATA[Hibernate: select b1_0.id,b1_0.author,b1_0.category,b1_0.created_at,b1_0.description,b1_0.isbn,b1_0.price,b1_0.stock,b1_0.title,b1_0.updated_at from books b1_0
Hibernate: insert into books (author,category,created_at,description,isbn,price,stock,title,updated_at,id) values (?,?,?,?,?,?,?,?,?,default)
Hibernate: insert into books (author,category,created_at,description,isbn,price,stock,title,updated_at,id) values (?,?,?,?,?,?,?,?,?,default)
Hibernate: insert into books (author,category,created_at,description,isbn,price,stock,title,updated_at,id) values (?,?,?,?,?,?,?,?,?,default)
Hibernate: insert into books (author,category,created_at,description,isbn,price,stock,title,updated_at,id) values (?,?,?,?,?,?,?,?,?,default)
Hibernate: insert into books (author,category,created_at,description,isbn,price,stock,title,updated_at,id) values (?,?,?,?,?,?,?,?,?,default)
Hibernate: insert into books (author,category,created_at,description,isbn,price,stock,title,updated_at,id) values (?,?,?,?,?,?,?,?,?,default)
Hibernate: insert into books (author,category,created_at,description,isbn,price,stock,title,updated_at,id) values (?,?,?,?,?,?,?,?,?,default)
Hibernate: select b1_0.id,b1_0.author,b1_0.category,b1_0.created_at,b1_0.description,b1_0.isbn,b1_0.price,b1_0.stock,b1_0.title,b1_0.updated_at from books b1_0 where upper(b1_0.author) like upper(?) escape '\'
]]></system-out>
  </testcase>
  <testcase name="shouldDeleteAllBooks" classname="com.talant.bootcamp.booksservice.repository.BookRepositoryTest" time="0.051">
    <system-out><![CDATA[Hibernate: select b1_0.id,b1_0.author,b1_0.category,b1_0.created_at,b1_0.description,b1_0.isbn,b1_0.price,b1_0.stock,b1_0.title,b1_0.updated_at from books b1_0
Hibernate: insert into books (author,category,created_at,description,isbn,price,stock,title,updated_at,id) values (?,?,?,?,?,?,?,?,?,default)
Hibernate: insert into books (author,category,created_at,description,isbn,price,stock,title,updated_at,id) values (?,?,?,?,?,?,?,?,?,default)
Hibernate: insert into books (author,category,created_at,description,isbn,price,stock,title,updated_at,id) values (?,?,?,?,?,?,?,?,?,default)
Hibernate: insert into books (author,category,created_at,description,isbn,price,stock,title,updated_at,id) values (?,?,?,?,?,?,?,?,?,default)
Hibernate: insert into books (author,category,created_at,description,isbn,price,stock,title,updated_at,id) values (?,?,?,?,?,?,?,?,?,default)
Hibernate: insert into books (author,category,created_at,description,isbn,price,stock,title,updated_at,id) values (?,?,?,?,?,?,?,?,?,default)
Hibernate: select b1_0.id,b1_0.author,b1_0.category,b1_0.created_at,b1_0.description,b1_0.isbn,b1_0.price,b1_0.stock,b1_0.title,b1_0.updated_at from books b1_0
Hibernate: delete from books where id=?
Hibernate: delete from books where id=?
Hibernate: delete from books where id=?
Hibernate: delete from books where id=?
Hibernate: delete from books where id=?
Hibernate: delete from books where id=?
Hibernate: select count(*) from books b1_0
]]></system-out>
  </testcase>
  <testcase name="shouldDeleteBookById" classname="com.talant.bootcamp.booksservice.repository.BookRepositoryTest" time="0.018">
    <system-out><![CDATA[Hibernate: select b1_0.id,b1_0.author,b1_0.category,b1_0.created_at,b1_0.description,b1_0.isbn,b1_0.price,b1_0.stock,b1_0.title,b1_0.updated_at from books b1_0
Hibernate: insert into books (author,category,created_at,description,isbn,price,stock,title,updated_at,id) values (?,?,?,?,?,?,?,?,?,default)
Hibernate: insert into books (author,category,created_at,description,isbn,price,stock,title,updated_at,id) values (?,?,?,?,?,?,?,?,?,default)
Hibernate: insert into books (author,category,created_at,description,isbn,price,stock,title,updated_at,id) values (?,?,?,?,?,?,?,?,?,default)
Hibernate: insert into books (author,category,created_at,description,isbn,price,stock,title,updated_at,id) values (?,?,?,?,?,?,?,?,?,default)
Hibernate: insert into books (author,category,created_at,description,isbn,price,stock,title,updated_at,id) values (?,?,?,?,?,?,?,?,?,default)
Hibernate: insert into books (author,category,created_at,description,isbn,price,stock,title,updated_at,id) values (?,?,?,?,?,?,?,?,?,default)
]]></system-out>
  </testcase>
  <testcase name="shouldFindBooksByAuthorAndCategory" classname="com.talant.bootcamp.booksservice.repository.BookRepositoryTest" time="0.015">
    <system-out><![CDATA[Hibernate: select b1_0.id,b1_0.author,b1_0.category,b1_0.created_at,b1_0.description,b1_0.isbn,b1_0.price,b1_0.stock,b1_0.title,b1_0.updated_at from books b1_0
Hibernate: insert into books (author,category,created_at,description,isbn,price,stock,title,updated_at,id) values (?,?,?,?,?,?,?,?,?,default)
Hibernate: insert into books (author,category,created_at,description,isbn,price,stock,title,updated_at,id) values (?,?,?,?,?,?,?,?,?,default)
Hibernate: insert into books (author,category,created_at,description,isbn,price,stock,title,updated_at,id) values (?,?,?,?,?,?,?,?,?,default)
Hibernate: insert into books (author,category,created_at,description,isbn,price,stock,title,updated_at,id) values (?,?,?,?,?,?,?,?,?,default)
Hibernate: insert into books (author,category,created_at,description,isbn,price,stock,title,updated_at,id) values (?,?,?,?,?,?,?,?,?,default)
Hibernate: insert into books (author,category,created_at,description,isbn,price,stock,title,updated_at,id) values (?,?,?,?,?,?,?,?,?,default)
]]></system-out>
  </testcase>
  <testcase name="shouldFindBooksByTitle" classname="com.talant.bootcamp.booksservice.repository.BookRepositoryTest" time="0.032">
    <system-out><![CDATA[Hibernate: select b1_0.id,b1_0.author,b1_0.category,b1_0.created_at,b1_0.description,b1_0.isbn,b1_0.price,b1_0.stock,b1_0.title,b1_0.updated_at from books b1_0
Hibernate: insert into books (author,category,created_at,description,isbn,price,stock,title,updated_at,id) values (?,?,?,?,?,?,?,?,?,default)
Hibernate: insert into books (author,category,created_at,description,isbn,price,stock,title,updated_at,id) values (?,?,?,?,?,?,?,?,?,default)
Hibernate: insert into books (author,category,created_at,description,isbn,price,stock,title,updated_at,id) values (?,?,?,?,?,?,?,?,?,default)
Hibernate: insert into books (author,category,created_at,description,isbn,price,stock,title,updated_at,id) values (?,?,?,?,?,?,?,?,?,default)
Hibernate: insert into books (author,category,created_at,description,isbn,price,stock,title,updated_at,id) values (?,?,?,?,?,?,?,?,?,default)
Hibernate: insert into books (author,category,created_at,description,isbn,price,stock,title,updated_at,id) values (?,?,?,?,?,?,?,?,?,default)
Hibernate: select b1_0.id,b1_0.author,b1_0.category,b1_0.created_at,b1_0.description,b1_0.isbn,b1_0.price,b1_0.stock,b1_0.title,b1_0.updated_at from books b1_0 where upper(b1_0.title) like upper(?) escape '\'
]]></system-out>
  </testcase>
  <testcase name="shouldFindBooksWithLowStock" classname="com.talant.bootcamp.booksservice.repository.BookRepositoryTest" time="0.015">
    <system-out><![CDATA[Hibernate: select b1_0.id,b1_0.author,b1_0.category,b1_0.created_at,b1_0.description,b1_0.isbn,b1_0.price,b1_0.stock,b1_0.title,b1_0.updated_at from books b1_0
Hibernate: insert into books (author,category,created_at,description,isbn,price,stock,title,updated_at,id) values (?,?,?,?,?,?,?,?,?,default)
Hibernate: insert into books (author,category,created_at,description,isbn,price,stock,title,updated_at,id) values (?,?,?,?,?,?,?,?,?,default)
Hibernate: insert into books (author,category,created_at,description,isbn,price,stock,title,updated_at,id) values (?,?,?,?,?,?,?,?,?,default)
Hibernate: insert into books (author,category,created_at,description,isbn,price,stock,title,updated_at,id) values (?,?,?,?,?,?,?,?,?,default)
Hibernate: insert into books (author,category,created_at,description,isbn,price,stock,title,updated_at,id) values (?,?,?,?,?,?,?,?,?,default)
Hibernate: insert into books (author,category,created_at,description,isbn,price,stock,title,updated_at,id) values (?,?,?,?,?,?,?,?,?,default)
]]></system-out>
  </testcase>
  <testcase name="shouldCheckIfBookExistsByIsbn" classname="com.talant.bootcamp.booksservice.repository.BookRepositoryTest" time="0.0">
    <system-out><![CDATA[Hibernate: select b1_0.id,b1_0.author,b1_0.category,b1_0.created_at,b1_0.description,b1_0.isbn,b1_0.price,b1_0.stock,b1_0.title,b1_0.updated_at from books b1_0
Hibernate: insert into books (author,category,created_at,description,isbn,price,stock,title,updated_at,id) values (?,?,?,?,?,?,?,?,?,default)
Hibernate: insert into books (author,category,created_at,description,isbn,price,stock,title,updated_at,id) values (?,?,?,?,?,?,?,?,?,default)
Hibernate: insert into books (author,category,created_at,description,isbn,price,stock,title,updated_at,id) values (?,?,?,?,?,?,?,?,?,default)
Hibernate: insert into books (author,category,created_at,description,isbn,price,stock,title,updated_at,id) values (?,?,?,?,?,?,?,?,?,default)
Hibernate: insert into books (author,category,created_at,description,isbn,price,stock,title,updated_at,id) values (?,?,?,?,?,?,?,?,?,default)
Hibernate: insert into books (author,category,created_at,description,isbn,price,stock,title,updated_at,id) values (?,?,?,?,?,?,?,?,?,default)
]]></system-out>
  </testcase>
  <testcase name="shouldFlushChangesToDatabase" classname="com.talant.bootcamp.booksservice.repository.BookRepositoryTest" time="0.027">
    <system-out><![CDATA[Hibernate: select b1_0.id,b1_0.author,b1_0.category,b1_0.created_at,b1_0.description,b1_0.isbn,b1_0.price,b1_0.stock,b1_0.title,b1_0.updated_at from books b1_0
Hibernate: insert into books (author,category,created_at,description,isbn,price,stock,title,updated_at,id) values (?,?,?,?,?,?,?,?,?,default)
Hibernate: insert into books (author,category,created_at,description,isbn,price,stock,title,updated_at,id) values (?,?,?,?,?,?,?,?,?,default)
Hibernate: insert into books (author,category,created_at,description,isbn,price,stock,title,updated_at,id) values (?,?,?,?,?,?,?,?,?,default)
Hibernate: insert into books (author,category,created_at,description,isbn,price,stock,title,updated_at,id) values (?,?,?,?,?,?,?,?,?,default)
Hibernate: insert into books (author,category,created_at,description,isbn,price,stock,title,updated_at,id) values (?,?,?,?,?,?,?,?,?,default)
Hibernate: insert into books (author,category,created_at,description,isbn,price,stock,title,updated_at,id) values (?,?,?,?,?,?,?,?,?,default)
Hibernate: insert into books (author,category,created_at,description,isbn,price,stock,title,updated_at,id) values (?,?,?,?,?,?,?,?,?,default)
]]></system-out>
  </testcase>
  <testcase name="shouldFindAllBooksOrderedByAuthorAsc" classname="com.talant.bootcamp.booksservice.repository.BookRepositoryTest" time="0.016">
    <system-out><![CDATA[Hibernate: select b1_0.id,b1_0.author,b1_0.category,b1_0.created_at,b1_0.description,b1_0.isbn,b1_0.price,b1_0.stock,b1_0.title,b1_0.updated_at from books b1_0
Hibernate: insert into books (author,category,created_at,description,isbn,price,stock,title,updated_at,id) values (?,?,?,?,?,?,?,?,?,default)
Hibernate: insert into books (author,category,created_at,description,isbn,price,stock,title,updated_at,id) values (?,?,?,?,?,?,?,?,?,default)
Hibernate: insert into books (author,category,created_at,description,isbn,price,stock,title,updated_at,id) values (?,?,?,?,?,?,?,?,?,default)
Hibernate: insert into books (author,category,created_at,description,isbn,price,stock,title,updated_at,id) values (?,?,?,?,?,?,?,?,?,default)
Hibernate: insert into books (author,category,created_at,description,isbn,price,stock,title,updated_at,id) values (?,?,?,?,?,?,?,?,?,default)
Hibernate: insert into books (author,category,created_at,description,isbn,price,stock,title,updated_at,id) values (?,?,?,?,?,?,?,?,?,default)
]]></system-out>
  </testcase>
  <testcase name="shouldSearchBooksByTitleOrAuthor" classname="com.talant.bootcamp.booksservice.repository.BookRepositoryTest" time="0.031">
    <system-out><![CDATA[Hibernate: select b1_0.id,b1_0.author,b1_0.category,b1_0.created_at,b1_0.description,b1_0.isbn,b1_0.price,b1_0.stock,b1_0.title,b1_0.updated_at from books b1_0
Hibernate: insert into books (author,category,created_at,description,isbn,price,stock,title,updated_at,id) values (?,?,?,?,?,?,?,?,?,default)
Hibernate: insert into books (author,category,created_at,description,isbn,price,stock,title,updated_at,id) values (?,?,?,?,?,?,?,?,?,default)
Hibernate: insert into books (author,category,created_at,description,isbn,price,stock,title,updated_at,id) values (?,?,?,?,?,?,?,?,?,default)
Hibernate: insert into books (author,category,created_at,description,isbn,price,stock,title,updated_at,id) values (?,?,?,?,?,?,?,?,?,default)
Hibernate: insert into books (author,category,created_at,description,isbn,price,stock,title,updated_at,id) values (?,?,?,?,?,?,?,?,?,default)
Hibernate: insert into books (author,category,created_at,description,isbn,price,stock,title,updated_at,id) values (?,?,?,?,?,?,?,?,?,default)
]]></system-out>
  </testcase>
  <testcase name="shouldFindBooksWithPriceLessThanOrEqualTo" classname="com.talant.bootcamp.booksservice.repository.BookRepositoryTest" time="0.021">
    <system-out><![CDATA[Hibernate: select b1_0.id,b1_0.author,b1_0.category,b1_0.created_at,b1_0.description,b1_0.isbn,b1_0.price,b1_0.stock,b1_0.title,b1_0.updated_at from books b1_0
Hibernate: insert into books (author,category,created_at,description,isbn,price,stock,title,updated_at,id) values (?,?,?,?,?,?,?,?,?,default)
Hibernate: insert into books (author,category,created_at,description,isbn,price,stock,title,updated_at,id) values (?,?,?,?,?,?,?,?,?,default)
Hibernate: insert into books (author,category,created_at,description,isbn,price,stock,title,updated_at,id) values (?,?,?,?,?,?,?,?,?,default)
Hibernate: insert into books (author,category,created_at,description,isbn,price,stock,title,updated_at,id) values (?,?,?,?,?,?,?,?,?,default)
Hibernate: insert into books (author,category,created_at,description,isbn,price,stock,title,updated_at,id) values (?,?,?,?,?,?,?,?,?,default)
Hibernate: insert into books (author,category,created_at,description,isbn,price,stock,title,updated_at,id) values (?,?,?,?,?,?,?,?,?,default)
]]></system-out>
  </testcase>
  <testcase name="shouldFindAllBooks" classname="com.talant.bootcamp.booksservice.repository.BookRepositoryTest" time="0.017">
    <system-out><![CDATA[Hibernate: select b1_0.id,b1_0.author,b1_0.category,b1_0.created_at,b1_0.description,b1_0.isbn,b1_0.price,b1_0.stock,b1_0.title,b1_0.updated_at from books b1_0
Hibernate: insert into books (author,category,created_at,description,isbn,price,stock,title,updated_at,id) values (?,?,?,?,?,?,?,?,?,default)
Hibernate: insert into books (author,category,created_at,description,isbn,price,stock,title,updated_at,id) values (?,?,?,?,?,?,?,?,?,default)
Hibernate: insert into books (author,category,created_at,description,isbn,price,stock,title,updated_at,id) values (?,?,?,?,?,?,?,?,?,default)
Hibernate: insert into books (author,category,created_at,description,isbn,price,stock,title,updated_at,id) values (?,?,?,?,?,?,?,?,?,default)
Hibernate: insert into books (author,category,created_at,description,isbn,price,stock,title,updated_at,id) values (?,?,?,?,?,?,?,?,?,default)
Hibernate: insert into books (author,category,created_at,description,isbn,price,stock,title,updated_at,id) values (?,?,?,?,?,?,?,?,?,default)
Hibernate: select b1_0.id,b1_0.author,b1_0.category,b1_0.created_at,b1_0.description,b1_0.isbn,b1_0.price,b1_0.stock,b1_0.title,b1_0.updated_at from books b1_0
]]></system-out>
  </testcase>
  <testcase name="shouldFindBookByIsbn" classname="com.talant.bootcamp.booksservice.repository.BookRepositoryTest" time="0.015">
    <system-out><![CDATA[Hibernate: select b1_0.id,b1_0.author,b1_0.category,b1_0.created_at,b1_0.description,b1_0.isbn,b1_0.price,b1_0.stock,b1_0.title,b1_0.updated_at from books b1_0
Hibernate: insert into books (author,category,created_at,description,isbn,price,stock,title,updated_at,id) values (?,?,?,?,?,?,?,?,?,default)
Hibernate: insert into books (author,category,created_at,description,isbn,price,stock,title,updated_at,id) values (?,?,?,?,?,?,?,?,?,default)
Hibernate: insert into books (author,category,created_at,description,isbn,price,stock,title,updated_at,id) values (?,?,?,?,?,?,?,?,?,default)
Hibernate: insert into books (author,category,created_at,description,isbn,price,stock,title,updated_at,id) values (?,?,?,?,?,?,?,?,?,default)
Hibernate: insert into books (author,category,created_at,description,isbn,price,stock,title,updated_at,id) values (?,?,?,?,?,?,?,?,?,default)
Hibernate: insert into books (author,category,created_at,description,isbn,price,stock,title,updated_at,id) values (?,?,?,?,?,?,?,?,?,default)
Hibernate: select b1_0.id,b1_0.author,b1_0.category,b1_0.created_at,b1_0.description,b1_0.isbn,b1_0.price,b1_0.stock,b1_0.title,b1_0.updated_at from books b1_0 where b1_0.isbn=?
]]></system-out>
  </testcase>
  <testcase name="shouldHandleEmptySearchResults" classname="com.talant.bootcamp.booksservice.repository.BookRepositoryTest" time="0.032">
    <system-out><![CDATA[Hibernate: select b1_0.id,b1_0.author,b1_0.category,b1_0.created_at,b1_0.description,b1_0.isbn,b1_0.price,b1_0.stock,b1_0.title,b1_0.updated_at from books b1_0
Hibernate: insert into books (author,category,created_at,description,isbn,price,stock,title,updated_at,id) values (?,?,?,?,?,?,?,?,?,default)
Hibernate: insert into books (author,category,created_at,description,isbn,price,stock,title,updated_at,id) values (?,?,?,?,?,?,?,?,?,default)
Hibernate: insert into books (author,category,created_at,description,isbn,price,stock,title,updated_at,id) values (?,?,?,?,?,?,?,?,?,default)
Hibernate: insert into books (author,category,created_at,description,isbn,price,stock,title,updated_at,id) values (?,?,?,?,?,?,?,?,?,default)
Hibernate: insert into books (author,category,created_at,description,isbn,price,stock,title,updated_at,id) values (?,?,?,?,?,?,?,?,?,default)
Hibernate: insert into books (author,category,created_at,description,isbn,price,stock,title,updated_at,id) values (?,?,?,?,?,?,?,?,?,default)
Hibernate: select b1_0.id,b1_0.author,b1_0.category,b1_0.created_at,b1_0.description,b1_0.isbn,b1_0.price,b1_0.stock,b1_0.title,b1_0.updated_at from books b1_0 where lower(b1_0.title) like lower(('%'||?||'%')) escape '' or lower(b1_0.author) like lower(('%'||?||'%')) escape ''
]]></system-out>
  </testcase>
  <testcase name="shouldFindAllBooksOrderedByPriceDesc" classname="com.talant.bootcamp.booksservice.repository.BookRepositoryTest" time="0.01">
    <system-out><![CDATA[Hibernate: select b1_0.id,b1_0.author,b1_0.category,b1_0.created_at,b1_0.description,b1_0.isbn,b1_0.price,b1_0.stock,b1_0.title,b1_0.updated_at from books b1_0
Hibernate: insert into books (author,category,created_at,description,isbn,price,stock,title,updated_at,id) values (?,?,?,?,?,?,?,?,?,default)
Hibernate: insert into books (author,category,created_at,description,isbn,price,stock,title,updated_at,id) values (?,?,?,?,?,?,?,?,?,default)
Hibernate: insert into books (author,category,created_at,description,isbn,price,stock,title,updated_at,id) values (?,?,?,?,?,?,?,?,?,default)
Hibernate: insert into books (author,category,created_at,description,isbn,price,stock,title,updated_at,id) values (?,?,?,?,?,?,?,?,?,default)
Hibernate: insert into books (author,category,created_at,description,isbn,price,stock,title,updated_at,id) values (?,?,?,?,?,?,?,?,?,default)
Hibernate: insert into books (author,category,created_at,description,isbn,price,stock,title,updated_at,id) values (?,?,?,?,?,?,?,?,?,default)
]]></system-out>
  </testcase>
  <testcase name="shouldCheckIfBookExistsById" classname="com.talant.bootcamp.booksservice.repository.BookRepositoryTest" time="0.027">
    <system-out><![CDATA[Hibernate: select b1_0.id,b1_0.author,b1_0.category,b1_0.created_at,b1_0.description,b1_0.isbn,b1_0.price,b1_0.stock,b1_0.title,b1_0.updated_at from books b1_0
Hibernate: insert into books (author,category,created_at,description,isbn,price,stock,title,updated_at,id) values (?,?,?,?,?,?,?,?,?,default)
Hibernate: insert into books (author,category,created_at,description,isbn,price,stock,title,updated_at,id) values (?,?,?,?,?,?,?,?,?,default)
Hibernate: insert into books (author,category,created_at,description,isbn,price,stock,title,updated_at,id) values (?,?,?,?,?,?,?,?,?,default)
Hibernate: insert into books (author,category,created_at,description,isbn,price,stock,title,updated_at,id) values (?,?,?,?,?,?,?,?,?,default)
Hibernate: insert into books (author,category,created_at,description,isbn,price,stock,title,updated_at,id) values (?,?,?,?,?,?,?,?,?,default)
Hibernate: insert into books (author,category,created_at,description,isbn,price,stock,title,updated_at,id) values (?,?,?,?,?,?,?,?,?,default)
]]></system-out>
  </testcase>
  <testcase name="shouldFindAllBooksOrderedByTitleAsc" classname="com.talant.bootcamp.booksservice.repository.BookRepositoryTest" time="0.033">
    <system-out><![CDATA[Hibernate: select b1_0.id,b1_0.author,b1_0.category,b1_0.created_at,b1_0.description,b1_0.isbn,b1_0.price,b1_0.stock,b1_0.title,b1_0.updated_at from books b1_0
Hibernate: insert into books (author,category,created_at,description,isbn,price,stock,title,updated_at,id) values (?,?,?,?,?,?,?,?,?,default)
Hibernate: insert into books (author,category,created_at,description,isbn,price,stock,title,updated_at,id) values (?,?,?,?,?,?,?,?,?,default)
Hibernate: insert into books (author,category,created_at,description,isbn,price,stock,title,updated_at,id) values (?,?,?,?,?,?,?,?,?,default)
Hibernate: insert into books (author,category,created_at,description,isbn,price,stock,title,updated_at,id) values (?,?,?,?,?,?,?,?,?,default)
Hibernate: insert into books (author,category,created_at,description,isbn,price,stock,title,updated_at,id) values (?,?,?,?,?,?,?,?,?,default)
Hibernate: insert into books (author,category,created_at,description,isbn,price,stock,title,updated_at,id) values (?,?,?,?,?,?,?,?,?,default)
Hibernate: select b1_0.id,b1_0.author,b1_0.category,b1_0.created_at,b1_0.description,b1_0.isbn,b1_0.price,b1_0.stock,b1_0.title,b1_0.updated_at from books b1_0 order by b1_0.title
]]></system-out>
  </testcase>
  <testcase name="shouldSaveMultipleBooks" classname="com.talant.bootcamp.booksservice.repository.BookRepositoryTest" time="0.015">
    <system-out><![CDATA[Hibernate: select b1_0.id,b1_0.author,b1_0.category,b1_0.created_at,b1_0.description,b1_0.isbn,b1_0.price,b1_0.stock,b1_0.title,b1_0.updated_at from books b1_0
Hibernate: insert into books (author,category,created_at,description,isbn,price,stock,title,updated_at,id) values (?,?,?,?,?,?,?,?,?,default)
Hibernate: insert into books (author,category,created_at,description,isbn,price,stock,title,updated_at,id) values (?,?,?,?,?,?,?,?,?,default)
Hibernate: insert into books (author,category,created_at,description,isbn,price,stock,title,updated_at,id) values (?,?,?,?,?,?,?,?,?,default)
Hibernate: insert into books (author,category,created_at,description,isbn,price,stock,title,updated_at,id) values (?,?,?,?,?,?,?,?,?,default)
Hibernate: insert into books (author,category,created_at,description,isbn,price,stock,title,updated_at,id) values (?,?,?,?,?,?,?,?,?,default)
Hibernate: insert into books (author,category,created_at,description,isbn,price,stock,title,updated_at,id) values (?,?,?,?,?,?,?,?,?,default)
Hibernate: insert into books (author,category,created_at,description,isbn,price,stock,title,updated_at,id) values (?,?,?,?,?,?,?,?,?,default)
Hibernate: insert into books (author,category,created_at,description,isbn,price,stock,title,updated_at,id) values (?,?,?,?,?,?,?,?,?,default)
Hibernate: select count(*) from books b1_0
]]></system-out>
  </testcase>
  <testcase name="shouldFindBooksByPriceRange" classname="com.talant.bootcamp.booksservice.repository.BookRepositoryTest" time="0.031">
    <system-out><![CDATA[Hibernate: select b1_0.id,b1_0.author,b1_0.category,b1_0.created_at,b1_0.description,b1_0.isbn,b1_0.price,b1_0.stock,b1_0.title,b1_0.updated_at from books b1_0
Hibernate: insert into books (author,category,created_at,description,isbn,price,stock,title,updated_at,id) values (?,?,?,?,?,?,?,?,?,default)
Hibernate: insert into books (author,category,created_at,description,isbn,price,stock,title,updated_at,id) values (?,?,?,?,?,?,?,?,?,default)
Hibernate: insert into books (author,category,created_at,description,isbn,price,stock,title,updated_at,id) values (?,?,?,?,?,?,?,?,?,default)
Hibernate: insert into books (author,category,created_at,description,isbn,price,stock,title,updated_at,id) values (?,?,?,?,?,?,?,?,?,default)
Hibernate: insert into books (author,category,created_at,description,isbn,price,stock,title,updated_at,id) values (?,?,?,?,?,?,?,?,?,default)
Hibernate: insert into books (author,category,created_at,description,isbn,price,stock,title,updated_at,id) values (?,?,?,?,?,?,?,?,?,default)
Hibernate: select b1_0.id,b1_0.author,b1_0.category,b1_0.created_at,b1_0.description,b1_0.isbn,b1_0.price,b1_0.stock,b1_0.title,b1_0.updated_at from books b1_0 where b1_0.price between ? and ?
]]></system-out>
  </testcase>
  <testcase name="shouldSearchBooksByTextInTitle" classname="com.talant.bootcamp.booksservice.repository.BookRepositoryTest" time="0.017">
    <system-out><![CDATA[Hibernate: select b1_0.id,b1_0.author,b1_0.category,b1_0.created_at,b1_0.description,b1_0.isbn,b1_0.price,b1_0.stock,b1_0.title,b1_0.updated_at from books b1_0
Hibernate: insert into books (author,category,created_at,description,isbn,price,stock,title,updated_at,id) values (?,?,?,?,?,?,?,?,?,default)
Hibernate: insert into books (author,category,created_at,description,isbn,price,stock,title,updated_at,id) values (?,?,?,?,?,?,?,?,?,default)
Hibernate: insert into books (author,category,created_at,description,isbn,price,stock,title,updated_at,id) values (?,?,?,?,?,?,?,?,?,default)
Hibernate: insert into books (author,category,created_at,description,isbn,price,stock,title,updated_at,id) values (?,?,?,?,?,?,?,?,?,default)
Hibernate: insert into books (author,category,created_at,description,isbn,price,stock,title,updated_at,id) values (?,?,?,?,?,?,?,?,?,default)
Hibernate: insert into books (author,category,created_at,description,isbn,price,stock,title,updated_at,id) values (?,?,?,?,?,?,?,?,?,default)
]]></system-out>
  </testcase>
  <testcase name="shouldDeleteBook" classname="com.talant.bootcamp.booksservice.repository.BookRepositoryTest" time="0.016">
    <system-out><![CDATA[Hibernate: select b1_0.id,b1_0.author,b1_0.category,b1_0.created_at,b1_0.description,b1_0.isbn,b1_0.price,b1_0.stock,b1_0.title,b1_0.updated_at from books b1_0
Hibernate: insert into books (author,category,created_at,description,isbn,price,stock,title,updated_at,id) values (?,?,?,?,?,?,?,?,?,default)
Hibernate: insert into books (author,category,created_at,description,isbn,price,stock,title,updated_at,id) values (?,?,?,?,?,?,?,?,?,default)
Hibernate: insert into books (author,category,created_at,description,isbn,price,stock,title,updated_at,id) values (?,?,?,?,?,?,?,?,?,default)
Hibernate: insert into books (author,category,created_at,description,isbn,price,stock,title,updated_at,id) values (?,?,?,?,?,?,?,?,?,default)
Hibernate: insert into books (author,category,created_at,description,isbn,price,stock,title,updated_at,id) values (?,?,?,?,?,?,?,?,?,default)
Hibernate: insert into books (author,category,created_at,description,isbn,price,stock,title,updated_at,id) values (?,?,?,?,?,?,?,?,?,default)
Hibernate: insert into books (author,category,created_at,description,isbn,price,stock,title,updated_at,id) values (?,?,?,?,?,?,?,?,?,default)
]]></system-out>
  </testcase>
  <testcase name="shouldDeleteAllBooksInBatch" classname="com.talant.bootcamp.booksservice.repository.BookRepositoryTest" time="0.016">
    <system-out><![CDATA[Hibernate: select b1_0.id,b1_0.author,b1_0.category,b1_0.created_at,b1_0.description,b1_0.isbn,b1_0.price,b1_0.stock,b1_0.title,b1_0.updated_at from books b1_0
Hibernate: insert into books (author,category,created_at,description,isbn,price,stock,title,updated_at,id) values (?,?,?,?,?,?,?,?,?,default)
Hibernate: insert into books (author,category,created_at,description,isbn,price,stock,title,updated_at,id) values (?,?,?,?,?,?,?,?,?,default)
Hibernate: insert into books (author,category,created_at,description,isbn,price,stock,title,updated_at,id) values (?,?,?,?,?,?,?,?,?,default)
Hibernate: insert into books (author,category,created_at,description,isbn,price,stock,title,updated_at,id) values (?,?,?,?,?,?,?,?,?,default)
Hibernate: insert into books (author,category,created_at,description,isbn,price,stock,title,updated_at,id) values (?,?,?,?,?,?,?,?,?,default)
Hibernate: insert into books (author,category,created_at,description,isbn,price,stock,title,updated_at,id) values (?,?,?,?,?,?,?,?,?,default)
]]></system-out>
  </testcase>
  <testcase name="shouldSaveAndFindBookById" classname="com.talant.bootcamp.booksservice.repository.BookRepositoryTest" time="0.031">
    <system-out><![CDATA[Hibernate: select b1_0.id,b1_0.author,b1_0.category,b1_0.created_at,b1_0.description,b1_0.isbn,b1_0.price,b1_0.stock,b1_0.title,b1_0.updated_at from books b1_0
Hibernate: insert into books (author,category,created_at,description,isbn,price,stock,title,updated_at,id) values (?,?,?,?,?,?,?,?,?,default)
Hibernate: insert into books (author,category,created_at,description,isbn,price,stock,title,updated_at,id) values (?,?,?,?,?,?,?,?,?,default)
Hibernate: insert into books (author,category,created_at,description,isbn,price,stock,title,updated_at,id) values (?,?,?,?,?,?,?,?,?,default)
Hibernate: insert into books (author,category,created_at,description,isbn,price,stock,title,updated_at,id) values (?,?,?,?,?,?,?,?,?,default)
Hibernate: insert into books (author,category,created_at,description,isbn,price,stock,title,updated_at,id) values (?,?,?,?,?,?,?,?,?,default)
Hibernate: insert into books (author,category,created_at,description,isbn,price,stock,title,updated_at,id) values (?,?,?,?,?,?,?,?,?,default)
Hibernate: insert into books (author,category,created_at,description,isbn,price,stock,title,updated_at,id) values (?,?,?,?,?,?,?,?,?,default)
]]></system-out>
  </testcase>
  <testcase name="shouldFindAllBooksOrderedByPriceAsc" classname="com.talant.bootcamp.booksservice.repository.BookRepositoryTest" time="0.01">
    <system-out><![CDATA[Hibernate: select b1_0.id,b1_0.author,b1_0.category,b1_0.created_at,b1_0.description,b1_0.isbn,b1_0.price,b1_0.stock,b1_0.title,b1_0.updated_at from books b1_0
Hibernate: insert into books (author,category,created_at,description,isbn,price,stock,title,updated_at,id) values (?,?,?,?,?,?,?,?,?,default)
Hibernate: insert into books (author,category,created_at,description,isbn,price,stock,title,updated_at,id) values (?,?,?,?,?,?,?,?,?,default)
Hibernate: insert into books (author,category,created_at,description,isbn,price,stock,title,updated_at,id) values (?,?,?,?,?,?,?,?,?,default)
Hibernate: insert into books (author,category,created_at,description,isbn,price,stock,title,updated_at,id) values (?,?,?,?,?,?,?,?,?,default)
Hibernate: insert into books (author,category,created_at,description,isbn,price,stock,title,updated_at,id) values (?,?,?,?,?,?,?,?,?,default)
Hibernate: insert into books (author,category,created_at,description,isbn,price,stock,title,updated_at,id) values (?,?,?,?,?,?,?,?,?,default)
Hibernate: select b1_0.id,b1_0.author,b1_0.category,b1_0.created_at,b1_0.description,b1_0.isbn,b1_0.price,b1_0.stock,b1_0.title,b1_0.updated_at from books b1_0 order by b1_0.price
]]></system-out>
  </testcase>
  <testcase name="shouldFindBooksWithPriceGreaterThanOrEqualTo" classname="com.talant.bootcamp.booksservice.repository.BookRepositoryTest" time="0.027">
    <system-out><![CDATA[Hibernate: select b1_0.id,b1_0.author,b1_0.category,b1_0.created_at,b1_0.description,b1_0.isbn,b1_0.price,b1_0.stock,b1_0.title,b1_0.updated_at from books b1_0
Hibernate: insert into books (author,category,created_at,description,isbn,price,stock,title,updated_at,id) values (?,?,?,?,?,?,?,?,?,default)
Hibernate: insert into books (author,category,created_at,description,isbn,price,stock,title,updated_at,id) values (?,?,?,?,?,?,?,?,?,default)
Hibernate: insert into books (author,category,created_at,description,isbn,price,stock,title,updated_at,id) values (?,?,?,?,?,?,?,?,?,default)
Hibernate: insert into books (author,category,created_at,description,isbn,price,stock,title,updated_at,id) values (?,?,?,?,?,?,?,?,?,default)
Hibernate: insert into books (author,category,created_at,description,isbn,price,stock,title,updated_at,id) values (?,?,?,?,?,?,?,?,?,default)
Hibernate: insert into books (author,category,created_at,description,isbn,price,stock,title,updated_at,id) values (?,?,?,?,?,?,?,?,?,default)
]]></system-out>
  </testcase>
  <testcase name="shouldHandlePriceBoundaryConditions" classname="com.talant.bootcamp.booksservice.repository.BookRepositoryTest" time="0.017">
    <system-out><![CDATA[Hibernate: select b1_0.id,b1_0.author,b1_0.category,b1_0.created_at,b1_0.description,b1_0.isbn,b1_0.price,b1_0.stock,b1_0.title,b1_0.updated_at from books b1_0
Hibernate: insert into books (author,category,created_at,description,isbn,price,stock,title,updated_at,id) values (?,?,?,?,?,?,?,?,?,default)
Hibernate: insert into books (author,category,created_at,description,isbn,price,stock,title,updated_at,id) values (?,?,?,?,?,?,?,?,?,default)
Hibernate: insert into books (author,category,created_at,description,isbn,price,stock,title,updated_at,id) values (?,?,?,?,?,?,?,?,?,default)
Hibernate: insert into books (author,category,created_at,description,isbn,price,stock,title,updated_at,id) values (?,?,?,?,?,?,?,?,?,default)
Hibernate: insert into books (author,category,created_at,description,isbn,price,stock,title,updated_at,id) values (?,?,?,?,?,?,?,?,?,default)
Hibernate: insert into books (author,category,created_at,description,isbn,price,stock,title,updated_at,id) values (?,?,?,?,?,?,?,?,?,default)
Hibernate: select b1_0.id,b1_0.author,b1_0.category,b1_0.created_at,b1_0.description,b1_0.isbn,b1_0.price,b1_0.stock,b1_0.title,b1_0.updated_at from books b1_0 where b1_0.price between ? and ?
]]></system-out>
  </testcase>
  <testcase name="shouldHandleStockBoundaryConditions" classname="com.talant.bootcamp.booksservice.repository.BookRepositoryTest" time="0.016">
    <system-out><![CDATA[Hibernate: select b1_0.id,b1_0.author,b1_0.category,b1_0.created_at,b1_0.description,b1_0.isbn,b1_0.price,b1_0.stock,b1_0.title,b1_0.updated_at from books b1_0
Hibernate: insert into books (author,category,created_at,description,isbn,price,stock,title,updated_at,id) values (?,?,?,?,?,?,?,?,?,default)
Hibernate: insert into books (author,category,created_at,description,isbn,price,stock,title,updated_at,id) values (?,?,?,?,?,?,?,?,?,default)
Hibernate: insert into books (author,category,created_at,description,isbn,price,stock,title,updated_at,id) values (?,?,?,?,?,?,?,?,?,default)
Hibernate: insert into books (author,category,created_at,description,isbn,price,stock,title,updated_at,id) values (?,?,?,?,?,?,?,?,?,default)
Hibernate: insert into books (author,category,created_at,description,isbn,price,stock,title,updated_at,id) values (?,?,?,?,?,?,?,?,?,default)
Hibernate: insert into books (author,category,created_at,description,isbn,price,stock,title,updated_at,id) values (?,?,?,?,?,?,?,?,?,default)
Hibernate: select b1_0.id,b1_0.author,b1_0.category,b1_0.created_at,b1_0.description,b1_0.isbn,b1_0.price,b1_0.stock,b1_0.title,b1_0.updated_at from books b1_0 where b1_0.stock>?
]]></system-out>
  </testcase>
  <testcase name="shouldReturnEmptyWhenIsbnNotFound" classname="com.talant.bootcamp.booksservice.repository.BookRepositoryTest" time="0.031">
    <system-out><![CDATA[Hibernate: select b1_0.id,b1_0.author,b1_0.category,b1_0.created_at,b1_0.description,b1_0.isbn,b1_0.price,b1_0.stock,b1_0.title,b1_0.updated_at from books b1_0
Hibernate: insert into books (author,category,created_at,description,isbn,price,stock,title,updated_at,id) values (?,?,?,?,?,?,?,?,?,default)
Hibernate: insert into books (author,category,created_at,description,isbn,price,stock,title,updated_at,id) values (?,?,?,?,?,?,?,?,?,default)
Hibernate: insert into books (author,category,created_at,description,isbn,price,stock,title,updated_at,id) values (?,?,?,?,?,?,?,?,?,default)
Hibernate: insert into books (author,category,created_at,description,isbn,price,stock,title,updated_at,id) values (?,?,?,?,?,?,?,?,?,default)
Hibernate: insert into books (author,category,created_at,description,isbn,price,stock,title,updated_at,id) values (?,?,?,?,?,?,?,?,?,default)
Hibernate: insert into books (author,category,created_at,description,isbn,price,stock,title,updated_at,id) values (?,?,?,?,?,?,?,?,?,default)
Hibernate: select b1_0.id,b1_0.author,b1_0.category,b1_0.created_at,b1_0.description,b1_0.isbn,b1_0.price,b1_0.stock,b1_0.title,b1_0.updated_at from books b1_0 where b1_0.isbn=?
]]></system-out>
  </testcase>
  <testcase name="shouldFindBooksByTitleAndAuthor" classname="com.talant.bootcamp.booksservice.repository.BookRepositoryTest" time="0.02">
    <system-out><![CDATA[Hibernate: select b1_0.id,b1_0.author,b1_0.category,b1_0.created_at,b1_0.description,b1_0.isbn,b1_0.price,b1_0.stock,b1_0.title,b1_0.updated_at from books b1_0
Hibernate: insert into books (author,category,created_at,description,isbn,price,stock,title,updated_at,id) values (?,?,?,?,?,?,?,?,?,default)
Hibernate: insert into books (author,category,created_at,description,isbn,price,stock,title,updated_at,id) values (?,?,?,?,?,?,?,?,?,default)
Hibernate: insert into books (author,category,created_at,description,isbn,price,stock,title,updated_at,id) values (?,?,?,?,?,?,?,?,?,default)
Hibernate: insert into books (author,category,created_at,description,isbn,price,stock,title,updated_at,id) values (?,?,?,?,?,?,?,?,?,default)
Hibernate: insert into books (author,category,created_at,description,isbn,price,stock,title,updated_at,id) values (?,?,?,?,?,?,?,?,?,default)
Hibernate: insert into books (author,category,created_at,description,isbn,price,stock,title,updated_at,id) values (?,?,?,?,?,?,?,?,?,default)
]]></system-out>
  </testcase>
  <testcase name="shouldGetAveragePriceByCategory" classname="com.talant.bootcamp.booksservice.repository.BookRepositoryTest" time="0.016">
    <system-out><![CDATA[Hibernate: select b1_0.id,b1_0.author,b1_0.category,b1_0.created_at,b1_0.description,b1_0.isbn,b1_0.price,b1_0.stock,b1_0.title,b1_0.updated_at from books b1_0
Hibernate: insert into books (author,category,created_at,description,isbn,price,stock,title,updated_at,id) values (?,?,?,?,?,?,?,?,?,default)
Hibernate: insert into books (author,category,created_at,description,isbn,price,stock,title,updated_at,id) values (?,?,?,?,?,?,?,?,?,default)
Hibernate: insert into books (author,category,created_at,description,isbn,price,stock,title,updated_at,id) values (?,?,?,?,?,?,?,?,?,default)
Hibernate: insert into books (author,category,created_at,description,isbn,price,stock,title,updated_at,id) values (?,?,?,?,?,?,?,?,?,default)
Hibernate: insert into books (author,category,created_at,description,isbn,price,stock,title,updated_at,id) values (?,?,?,?,?,?,?,?,?,default)
Hibernate: insert into books (author,category,created_at,description,isbn,price,stock,title,updated_at,id) values (?,?,?,?,?,?,?,?,?,default)
Hibernate: select b1_0.category,avg(b1_0.price) from books b1_0 group by b1_0.category
]]></system-out>
  </testcase>
  <testcase name="shouldCountTotalBooks" classname="com.talant.bootcamp.booksservice.repository.BookRepositoryTest" time="0.031">
    <system-out><![CDATA[Hibernate: select b1_0.id,b1_0.author,b1_0.category,b1_0.created_at,b1_0.description,b1_0.isbn,b1_0.price,b1_0.stock,b1_0.title,b1_0.updated_at from books b1_0
Hibernate: insert into books (author,category,created_at,description,isbn,price,stock,title,updated_at,id) values (?,?,?,?,?,?,?,?,?,default)
Hibernate: insert into books (author,category,created_at,description,isbn,price,stock,title,updated_at,id) values (?,?,?,?,?,?,?,?,?,default)
Hibernate: insert into books (author,category,created_at,description,isbn,price,stock,title,updated_at,id) values (?,?,?,?,?,?,?,?,?,default)
Hibernate: insert into books (author,category,created_at,description,isbn,price,stock,title,updated_at,id) values (?,?,?,?,?,?,?,?,?,default)
Hibernate: insert into books (author,category,created_at,description,isbn,price,stock,title,updated_at,id) values (?,?,?,?,?,?,?,?,?,default)
Hibernate: insert into books (author,category,created_at,description,isbn,price,stock,title,updated_at,id) values (?,?,?,?,?,?,?,?,?,default)
Hibernate: select count(*) from books b1_0
]]></system-out>
  </testcase>
</testsuite>